[INFOS]
PrgName=IP.BIN Creator
Author=[big_fury]SiZiOUS
Version=1.0
Date=16/03/2020
[CONTROLS]
cbU=1
cbE=1
cbJ=1
eManID=12db.soft
cbMediaConfig=0
eMediaID=3E9C
HardwareID=SEGA SEGAKATANA
VendorID=SEGA ENTERPRISES
cbBtnMouse=0
cbBtnGun=0
cbBtnKeyboard=0
cbAnalogY2=0
cbAnalogX2=0
cbAnalogY1=0
cbAnalogX1=0
cbAnalogL=0
cbAnalogR=0
cbBtnDirectionsKeyBtn2=0
cbBtnZ=0
cbBtnY=0
cbBtnX=0
cbBtnD=0
cbBtnC=0
cbBtnDirectionsKeyBtn1=1
OS00=1
EP03=1
EP02=0
EP01=1
EP00=0
AV00=1
cbBootFilename=1ST_READ.BIN
mGameTitle=Summoning Signals
eVerHi=0
eVerLo=4
eProdNo=12db.005
eDay=16
eMonth=03
eYear=2020
eFileLogo=Z:\home\magnes\Pictures\12dblogo_IPBIN.png
